/Users/ray/Dropbox/Aptech/C2202L/JavaEE/crm/2024-04-15 20:57:59.448 [main] INFO  org.springframework.web.servlet.DispatcherServlet - Initializing Servlet 'dispatcher'
/Users/ray/Dropbox/Aptech/C2202L/JavaEE/crm/2024-04-15 20:58:00.814 [MLog-Init-Reporter] INFO  com.mchange.v2.log.MLog - MLog clients using log4j2 logging.
/Users/ray/Dropbox/Aptech/C2202L/JavaEE/crm/2024-04-15 20:58:00.928 [main] INFO  com.mchange.v2.c3p0.C3P0Registry - Initializing c3p0-0.9.5.5 [built 11-December-2019 22:18:33 -0800; debug? true; trace: 10]
/Users/ray/Dropbox/Aptech/C2202L/JavaEE/crm/2024-04-15 20:58:01.204 [main] INFO  org.hibernate.Version - HHH000412: Hibernate ORM core version 5.5.6.Final
/Users/ray/Dropbox/Aptech/C2202L/JavaEE/crm/2024-04-15 20:58:01.767 [main] INFO  org.hibernate.annotations.common.Version - HCANN000001: Hibernate Commons Annotations {5.1.2.Final}
/Users/ray/Dropbox/Aptech/C2202L/JavaEE/crm/2024-04-15 20:58:02.247 [main] INFO  com.mchange.v2.c3p0.impl.AbstractPoolBackedDataSource - Initializing c3p0 pool... com.mchange.v2.c3p0.ComboPooledDataSource [ acquireIncrement -> 3, acquireRetryAttempts -> 30, acquireRetryDelay -> 1000, autoCommitOnClose -> false, automaticTestTable -> null, breakAfterAcquireFailure -> false, checkoutTimeout -> 0, connectionCustomizerClassName -> null, connectionTesterClassName -> com.mchange.v2.c3p0.impl.DefaultConnectionTester, contextClassLoaderSource -> caller, dataSourceName -> z8kfltb21qpydhdv6yhrb|5f84e764, debugUnreturnedConnectionStackTraces -> false, description -> null, driverClass -> com.mysql.cj.jdbc.Driver, extensions -> {}, factoryClassLocation -> null, forceIgnoreUnresolvedTransactions -> false, forceSynchronousCheckins -> false, forceUseNamedDriverClass -> false, identityToken -> z8kfltb21qpydhdv6yhrb|5f84e764, idleConnectionTestPeriod -> 0, initialPoolSize -> 3, jdbcUrl -> jdbc:mysql://127.0.0.1:3306/c2202l_spring_crm?useSSL=false, maxAdministrativeTaskTime -> 0, maxConnectionAge -> 0, maxIdleTime -> 0, maxIdleTimeExcessConnections -> 0, maxPoolSize -> 15, maxStatements -> 0, maxStatementsPerConnection -> 0, minPoolSize -> 3, numHelperThreads -> 3, preferredTestQuery -> null, privilegeSpawnedThreads -> false, properties -> {user=******, password=******}, propertyCycle -> 0, statementCacheNumDeferredCloseThreads -> 0, testConnectionOnCheckin -> false, testConnectionOnCheckout -> false, unreturnedConnectionTimeout -> 0, userOverrides -> {}, usesTraditionalReflectiveProxies -> false ]
/Users/ray/Dropbox/Aptech/C2202L/JavaEE/crm/2024-04-15 20:58:02.609 [main] INFO  org.hibernate.dialect.Dialect - HHH000400: Using dialect: org.hibernate.dialect.MySQLDialect
/Users/ray/Dropbox/Aptech/C2202L/JavaEE/crm/2024-04-15 20:58:04.015 [main] INFO  org.hibernate.engine.transaction.jta.platform.internal.JtaPlatformInitiator - HHH000490: Using JtaPlatform implementation: [org.hibernate.engine.transaction.jta.platform.internal.NoJtaPlatform]
/Users/ray/Dropbox/Aptech/C2202L/JavaEE/crm/2024-04-15 20:58:04.658 [main] INFO  org.springframework.security.web.DefaultSecurityFilterChain - Will secure any request with [org.springframework.security.web.context.request.async.WebAsyncManagerIntegrationFilter@754fa706, org.springframework.security.web.context.SecurityContextPersistenceFilter@5e1db27e, org.springframework.security.web.header.HeaderWriterFilter@7c38d816, org.springframework.security.web.csrf.CsrfFilter@7ccf6785, org.springframework.security.web.authentication.logout.LogoutFilter@6b0dc462, org.springframework.security.web.authentication.UsernamePasswordAuthenticationFilter@5df9d890, org.springframework.security.web.savedrequest.RequestCacheAwareFilter@218da1f9, org.springframework.security.web.servletapi.SecurityContextHolderAwareRequestFilter@378d38cd, org.springframework.security.web.authentication.AnonymousAuthenticationFilter@72f9cd3f, org.springframework.security.web.session.SessionManagementFilter@8b24111, org.springframework.security.web.access.ExceptionTranslationFilter@7aadd290, org.springframework.security.web.access.intercept.FilterSecurityInterceptor@6472dd0c]
/Users/ray/Dropbox/Aptech/C2202L/JavaEE/crm/2024-04-15 20:58:05.208 [main] INFO  org.springframework.web.servlet.DispatcherServlet - Completed initialization in 5695 ms
/Users/ray/Dropbox/Aptech/C2202L/JavaEE/crm/2024-04-15 20:58:19.992 [http-nio-8080-exec-6] ERROR org.springframework.security.web.authentication.UsernamePasswordAuthenticationFilter - An internal error occurred while trying to authenticate the user.
org.springframework.security.authentication.InternalAuthenticationServiceException: UserDetailsService returned null, which is an interface contract violation
	at org.springframework.security.authentication.dao.DaoAuthenticationProvider.retrieveUser(DaoAuthenticationProvider.java:95) ~[spring-security-core-5.5.2.jar:5.5.2]
	at org.springframework.security.authentication.dao.AbstractUserDetailsAuthenticationProvider.authenticate(AbstractUserDetailsAuthenticationProvider.java:133) ~[spring-security-core-5.5.2.jar:5.5.2]
	at org.springframework.security.authentication.ProviderManager.authenticate(ProviderManager.java:182) ~[spring-security-core-5.5.2.jar:5.5.2]
	at org.springframework.security.authentication.ProviderManager.authenticate(ProviderManager.java:201) ~[spring-security-core-5.5.2.jar:5.5.2]
	at org.springframework.security.web.authentication.UsernamePasswordAuthenticationFilter.attemptAuthentication(UsernamePasswordAuthenticationFilter.java:85) ~[spring-security-web-5.5.2.jar:5.5.2]
	at org.springframework.security.web.authentication.AbstractAuthenticationProcessingFilter.doFilter(AbstractAuthenticationProcessingFilter.java:222) ~[spring-security-web-5.5.2.jar:5.5.2]
	at org.springframework.security.web.authentication.AbstractAuthenticationProcessingFilter.doFilter(AbstractAuthenticationProcessingFilter.java:212) ~[spring-security-web-5.5.2.jar:5.5.2]
	at org.springframework.security.web.FilterChainProxy$VirtualFilterChain.doFilter(FilterChainProxy.java:336) ~[spring-security-web-5.5.2.jar:5.5.2]
	at org.springframework.security.web.authentication.logout.LogoutFilter.doFilter(LogoutFilter.java:103) ~[spring-security-web-5.5.2.jar:5.5.2]
	at org.springframework.security.web.authentication.logout.LogoutFilter.doFilter(LogoutFilter.java:89) ~[spring-security-web-5.5.2.jar:5.5.2]
	at org.springframework.security.web.FilterChainProxy$VirtualFilterChain.doFilter(FilterChainProxy.java:336) ~[spring-security-web-5.5.2.jar:5.5.2]
	at org.springframework.security.web.csrf.CsrfFilter.doFilterInternal(CsrfFilter.java:132) ~[spring-security-web-5.5.2.jar:5.5.2]
	at org.springframework.web.filter.OncePerRequestFilter.doFilter(OncePerRequestFilter.java:119) ~[spring-web-5.3.9.jar:5.3.9]
	at org.springframework.security.web.FilterChainProxy$VirtualFilterChain.doFilter(FilterChainProxy.java:336) ~[spring-security-web-5.5.2.jar:5.5.2]
	at org.springframework.security.web.header.HeaderWriterFilter.doHeadersAfter(HeaderWriterFilter.java:90) ~[spring-security-web-5.5.2.jar:5.5.2]
	at org.springframework.security.web.header.HeaderWriterFilter.doFilterInternal(HeaderWriterFilter.java:75) ~[spring-security-web-5.5.2.jar:5.5.2]
	at org.springframework.web.filter.OncePerRequestFilter.doFilter(OncePerRequestFilter.java:119) ~[spring-web-5.3.9.jar:5.3.9]
	at org.springframework.security.web.FilterChainProxy$VirtualFilterChain.doFilter(FilterChainProxy.java:336) ~[spring-security-web-5.5.2.jar:5.5.2]
	at org.springframework.security.web.context.SecurityContextPersistenceFilter.doFilter(SecurityContextPersistenceFilter.java:110) ~[spring-security-web-5.5.2.jar:5.5.2]
	at org.springframework.security.web.context.SecurityContextPersistenceFilter.doFilter(SecurityContextPersistenceFilter.java:80) ~[spring-security-web-5.5.2.jar:5.5.2]
	at org.springframework.security.web.FilterChainProxy$VirtualFilterChain.doFilter(FilterChainProxy.java:336) ~[spring-security-web-5.5.2.jar:5.5.2]
	at org.springframework.security.web.context.request.async.WebAsyncManagerIntegrationFilter.doFilterInternal(WebAsyncManagerIntegrationFilter.java:55) ~[spring-security-web-5.5.2.jar:5.5.2]
	at org.springframework.web.filter.OncePerRequestFilter.doFilter(OncePerRequestFilter.jav